

Started GET "/" for ::1 at 2016-06-02 13:16:29 -0600

ActiveRecord::PendingMigrationError (

Migrations are pending. To resolve this issue, run:

	bin/rake db:migrate RAILS_ENV=development

):
  activerecord (4.2.5) lib/active_record/migration.rb:392:in `check_pending!'
  activerecord (4.2.5) lib/active_record/migration.rb:373:in `call'
  actionpack (4.2.5) lib/action_dispatch/middleware/callbacks.rb:29:in `block in call'
  activesupport (4.2.5) lib/active_support/callbacks.rb:88:in `__run_callbacks__'
  activesupport (4.2.5) lib/active_support/callbacks.rb:778:in `_run_call_callbacks'
  activesupport (4.2.5) lib/active_support/callbacks.rb:81:in `run_callbacks'
  actionpack (4.2.5) lib/action_dispatch/middleware/callbacks.rb:27:in `call'
  actionpack (4.2.5) lib/action_dispatch/middleware/reloader.rb:73:in `call'
  actionpack (4.2.5) lib/action_dispatch/middleware/remote_ip.rb:78:in `call'
  actionpack (4.2.5) lib/action_dispatch/middleware/debug_exceptions.rb:17:in `call'
  web-console (2.3.0) lib/web_console/middleware.rb:28:in `block in call'
  web-console (2.3.0) lib/web_console/middleware.rb:18:in `catch'
  web-console (2.3.0) lib/web_console/middleware.rb:18:in `call'
  actionpack (4.2.5) lib/action_dispatch/middleware/show_exceptions.rb:30:in `call'
  railties (4.2.5) lib/rails/rack/logger.rb:38:in `call_app'
  railties (4.2.5) lib/rails/rack/logger.rb:20:in `block in call'
  activesupport (4.2.5) lib/active_support/tagged_logging.rb:68:in `block in tagged'
  activesupport (4.2.5) lib/active_support/tagged_logging.rb:26:in `tagged'
  activesupport (4.2.5) lib/active_support/tagged_logging.rb:68:in `tagged'
  railties (4.2.5) lib/rails/rack/logger.rb:20:in `call'
  actionpack (4.2.5) lib/action_dispatch/middleware/request_id.rb:21:in `call'
  rack (1.6.4) lib/rack/methodoverride.rb:22:in `call'
  rack (1.6.4) lib/rack/runtime.rb:18:in `call'
  activesupport (4.2.5) lib/active_support/cache/strategy/local_cache_middleware.rb:28:in `call'
  rack (1.6.4) lib/rack/lock.rb:17:in `call'
  actionpack (4.2.5) lib/action_dispatch/middleware/static.rb:116:in `call'
  rack (1.6.4) lib/rack/sendfile.rb:113:in `call'
  railties (4.2.5) lib/rails/engine.rb:518:in `call'
  railties (4.2.5) lib/rails/application.rb:165:in `call'
  rack (1.6.4) lib/rack/lock.rb:17:in `call'
  rack (1.6.4) lib/rack/content_length.rb:15:in `call'
  rack (1.6.4) lib/rack/handler/webrick.rb:88:in `service'
  /Users/nmuta/.rvm/rubies/ruby-2.1.5/lib/ruby/2.1.0/webrick/httpserver.rb:138:in `service'
  /Users/nmuta/.rvm/rubies/ruby-2.1.5/lib/ruby/2.1.0/webrick/httpserver.rb:94:in `run'
  /Users/nmuta/.rvm/rubies/ruby-2.1.5/lib/ruby/2.1.0/webrick/server.rb:295:in `block in start_thread'


  Rendered /Users/nmuta/.rvm/gems/ruby-2.1.5/gems/actionpack-4.2.5/lib/action_dispatch/middleware/templates/rescues/_source.erb (2.2ms)
  Rendered /Users/nmuta/.rvm/gems/ruby-2.1.5/gems/actionpack-4.2.5/lib/action_dispatch/middleware/templates/rescues/_trace.html.erb (1.3ms)
  Rendered /Users/nmuta/.rvm/gems/ruby-2.1.5/gems/actionpack-4.2.5/lib/action_dispatch/middleware/templates/rescues/_request_and_response.html.erb (0.8ms)
  Rendered /Users/nmuta/.rvm/gems/ruby-2.1.5/gems/actionpack-4.2.5/lib/action_dispatch/middleware/templates/rescues/diagnostics.html.erb within rescues/layout (20.0ms)
  Rendered /Users/nmuta/.rvm/gems/ruby-2.1.5/gems/web-console-2.3.0/lib/web_console/templates/_markup.html.erb (0.4ms)
  Rendered /Users/nmuta/.rvm/gems/ruby-2.1.5/gems/web-console-2.3.0/lib/web_console/templates/_inner_console_markup.html.erb within layouts/inlined_string (0.3ms)
  Rendered /Users/nmuta/.rvm/gems/ruby-2.1.5/gems/web-console-2.3.0/lib/web_console/templates/_prompt_box_markup.html.erb within layouts/inlined_string (0.5ms)
  Rendered /Users/nmuta/.rvm/gems/ruby-2.1.5/gems/web-console-2.3.0/lib/web_console/templates/style.css.erb within layouts/inlined_string (0.4ms)
  Rendered /Users/nmuta/.rvm/gems/ruby-2.1.5/gems/web-console-2.3.0/lib/web_console/templates/console.js.erb within layouts/javascript (23.7ms)
  Rendered /Users/nmuta/.rvm/gems/ruby-2.1.5/gems/web-console-2.3.0/lib/web_console/templates/main.js.erb within layouts/javascript (0.3ms)
  Rendered /Users/nmuta/.rvm/gems/ruby-2.1.5/gems/web-console-2.3.0/lib/web_console/templates/error_page.js.erb within layouts/javascript (0.4ms)
  Rendered /Users/nmuta/.rvm/gems/ruby-2.1.5/gems/web-console-2.3.0/lib/web_console/templates/index.html.erb (46.2ms)
  [1m[36m (0.9ms)[0m  [1mCREATE TABLE "schema_migrations" ("version" varchar NOT NULL) [0m
  [1m[35m (0.8ms)[0m  select sqlite_version(*)
  [1m[36m (0.8ms)[0m  [1mCREATE UNIQUE INDEX "unique_schema_migrations" ON "schema_migrations" ("version")[0m
  [1m[35mActiveRecord::SchemaMigration Load (0.1ms)[0m  SELECT "schema_migrations".* FROM "schema_migrations"
Migrating to CreateTips (20160602190923)
  [1m[36m (0.1ms)[0m  [1mbegin transaction[0m
  [1m[35m (0.4ms)[0m  CREATE TABLE "tips" ("id" INTEGER PRIMARY KEY AUTOINCREMENT NOT NULL, "tip" varchar, "user_id" integer, "frequency" integer, "icon_id" integer, "created_at" datetime NOT NULL, "updated_at" datetime NOT NULL) 
  [1m[36mSQL (0.1ms)[0m  [1mINSERT INTO "schema_migrations" ("version") VALUES (?)[0m  [["version", "20160602190923"]]
  [1m[35m (0.5ms)[0m  commit transaction
  [1m[36mActiveRecord::SchemaMigration Load (0.1ms)[0m  [1mSELECT "schema_migrations".* FROM "schema_migrations"[0m


Started GET "/" for ::1 at 2016-06-02 13:16:50 -0600
  [1m[36mActiveRecord::SchemaMigration Load (0.4ms)[0m  [1mSELECT "schema_migrations".* FROM "schema_migrations"[0m
Processing by TipsController#index as HTML
  [1m[35mTip Load (0.1ms)[0m  SELECT "tips".* FROM "tips"
  Rendered tips/index.html.erb within layouts/application (2.0ms)
Completed 200 OK in 1148ms (Views: 1138.2ms | ActiveRecord: 0.3ms)


Started GET "/assets/scaffolds.self-84de21a9d0761e09a00096c935a18b9ad325077c340647cac0f49ce79e40f160.css?body=1" for ::1 at 2016-06-02 13:16:51 -0600


Started GET "/assets/tips.self-e3b0c44298fc1c149afbf4c8996fb92427ae41e4649b934ca495991b7852b855.css?body=1" for ::1 at 2016-06-02 13:16:51 -0600


Started GET "/assets/jquery_ujs.self-e87806d0cf4489aeb1bb7288016024e8de67fd18db693fe026fe3907581e53cd.js?body=1" for ::1 at 2016-06-02 13:16:51 -0600


Started GET "/assets/application.self-e80e8f2318043e8af94dddc2adad5a4f09739a8ebb323b3ab31cd71d45fd9113.css?body=1" for ::1 at 2016-06-02 13:16:51 -0600


Started GET "/assets/tips.self-877aef30ae1b040ab8a3aba4e3e309a11d7f2612f44dde450b5c157aa5f95c05.js?body=1" for ::1 at 2016-06-02 13:16:51 -0600


Started GET "/assets/turbolinks.self-c37727e9bd6b2735da5c311aa83fead54ed0be6cc8bd9a65309e9c5abe2cbfff.js?body=1" for ::1 at 2016-06-02 13:16:51 -0600


Started GET "/assets/jquery.self-660adc51e0224b731d29f575a6f1ec167ba08ad06ed5deca4f1e8654c135bf4c.js?body=1" for ::1 at 2016-06-02 13:16:51 -0600


Started GET "/assets/application.self-3b8dabdc891efe46b9a144b400ad69e37d7e5876bdc39dee783419a69d7ca819.js?body=1" for ::1 at 2016-06-02 13:16:51 -0600


Started GET "/tips/new" for ::1 at 2016-06-02 13:16:56 -0600
Processing by TipsController#new as HTML
  Rendered tips/_form.html.erb (11.1ms)
  Rendered tips/new.html.erb within layouts/application (12.9ms)
Completed 200 OK in 29ms (Views: 24.5ms | ActiveRecord: 0.2ms)


Started GET "/tips/new" for ::1 at 2016-06-02 13:18:15 -0600
Processing by TipsController#new as HTML
  Rendered tips/_form.html.erb (3.7ms)
  Rendered tips/new.html.erb within layouts/application (5.1ms)
Completed 200 OK in 21ms (Views: 20.3ms | ActiveRecord: 0.0ms)


Started GET "/assets/scaffolds.self-84de21a9d0761e09a00096c935a18b9ad325077c340647cac0f49ce79e40f160.css?body=1" for ::1 at 2016-06-02 13:18:15 -0600


Started GET "/assets/jquery_ujs.self-e87806d0cf4489aeb1bb7288016024e8de67fd18db693fe026fe3907581e53cd.js?body=1" for ::1 at 2016-06-02 13:18:15 -0600


Started GET "/assets/tips.self-877aef30ae1b040ab8a3aba4e3e309a11d7f2612f44dde450b5c157aa5f95c05.js?body=1" for ::1 at 2016-06-02 13:18:15 -0600


Started GET "/assets/tips.self-e3b0c44298fc1c149afbf4c8996fb92427ae41e4649b934ca495991b7852b855.css?body=1" for ::1 at 2016-06-02 13:18:15 -0600


Started GET "/assets/turbolinks.self-c37727e9bd6b2735da5c311aa83fead54ed0be6cc8bd9a65309e9c5abe2cbfff.js?body=1" for ::1 at 2016-06-02 13:18:15 -0600


Started GET "/assets/jquery.self-660adc51e0224b731d29f575a6f1ec167ba08ad06ed5deca4f1e8654c135bf4c.js?body=1" for ::1 at 2016-06-02 13:18:15 -0600


Started GET "/assets/application.self-e80e8f2318043e8af94dddc2adad5a4f09739a8ebb323b3ab31cd71d45fd9113.css?body=1" for ::1 at 2016-06-02 13:18:15 -0600


Started GET "/assets/application.self-3b8dabdc891efe46b9a144b400ad69e37d7e5876bdc39dee783419a69d7ca819.js?body=1" for ::1 at 2016-06-02 13:18:15 -0600


Started GET "/tips/new" for ::1 at 2016-06-02 13:18:41 -0600
Processing by TipsController#new as HTML
  Rendered tips/_form.html.erb (2.2ms)
  Rendered tips/new.html.erb within layouts/application (2.9ms)
Completed 200 OK in 19ms (Views: 18.6ms | ActiveRecord: 0.0ms)


Started GET "/assets/scaffolds.self-84de21a9d0761e09a00096c935a18b9ad325077c340647cac0f49ce79e40f160.css?body=1" for ::1 at 2016-06-02 13:18:41 -0600


Started GET "/assets/turbolinks.self-c37727e9bd6b2735da5c311aa83fead54ed0be6cc8bd9a65309e9c5abe2cbfff.js?body=1" for ::1 at 2016-06-02 13:18:41 -0600


Started GET "/assets/jquery_ujs.self-e87806d0cf4489aeb1bb7288016024e8de67fd18db693fe026fe3907581e53cd.js?body=1" for ::1 at 2016-06-02 13:18:41 -0600


Started GET "/assets/tips.self-e3b0c44298fc1c149afbf4c8996fb92427ae41e4649b934ca495991b7852b855.css?body=1" for ::1 at 2016-06-02 13:18:41 -0600


Started GET "/assets/application.self-e80e8f2318043e8af94dddc2adad5a4f09739a8ebb323b3ab31cd71d45fd9113.css?body=1" for ::1 at 2016-06-02 13:18:41 -0600


Started GET "/assets/jquery.self-660adc51e0224b731d29f575a6f1ec167ba08ad06ed5deca4f1e8654c135bf4c.js?body=1" for ::1 at 2016-06-02 13:18:41 -0600


Started GET "/assets/tips.self-877aef30ae1b040ab8a3aba4e3e309a11d7f2612f44dde450b5c157aa5f95c05.js?body=1" for ::1 at 2016-06-02 13:18:41 -0600


Started GET "/assets/application.self-3b8dabdc891efe46b9a144b400ad69e37d7e5876bdc39dee783419a69d7ca819.js?body=1" for ::1 at 2016-06-02 13:18:41 -0600


Started GET "/tips/new" for ::1 at 2016-06-02 13:18:50 -0600
Processing by TipsController#new as HTML
  Rendered tips/_form.html.erb (2.3ms)
  Rendered tips/new.html.erb within layouts/application (3.0ms)
Completed 200 OK in 15ms (Views: 14.0ms | ActiveRecord: 0.0ms)


Started GET "/assets/scaffolds.self-84de21a9d0761e09a00096c935a18b9ad325077c340647cac0f49ce79e40f160.css?body=1" for ::1 at 2016-06-02 13:18:50 -0600


Started GET "/assets/tips.self-877aef30ae1b040ab8a3aba4e3e309a11d7f2612f44dde450b5c157aa5f95c05.js?body=1" for ::1 at 2016-06-02 13:18:50 -0600


Started GET "/assets/jquery.self-660adc51e0224b731d29f575a6f1ec167ba08ad06ed5deca4f1e8654c135bf4c.js?body=1" for ::1 at 2016-06-02 13:18:50 -0600


Started GET "/assets/tips.self-e3b0c44298fc1c149afbf4c8996fb92427ae41e4649b934ca495991b7852b855.css?body=1" for ::1 at 2016-06-02 13:18:50 -0600


Started GET "/assets/application.self-e80e8f2318043e8af94dddc2adad5a4f09739a8ebb323b3ab31cd71d45fd9113.css?body=1" for ::1 at 2016-06-02 13:18:50 -0600


Started GET "/assets/jquery_ujs.self-e87806d0cf4489aeb1bb7288016024e8de67fd18db693fe026fe3907581e53cd.js?body=1" for ::1 at 2016-06-02 13:18:50 -0600


Started GET "/assets/turbolinks.self-c37727e9bd6b2735da5c311aa83fead54ed0be6cc8bd9a65309e9c5abe2cbfff.js?body=1" for ::1 at 2016-06-02 13:18:50 -0600


Started GET "/assets/application.self-3b8dabdc891efe46b9a144b400ad69e37d7e5876bdc39dee783419a69d7ca819.js?body=1" for ::1 at 2016-06-02 13:18:50 -0600


Started POST "/tips" for ::1 at 2016-06-02 13:19:21 -0600
Processing by TipsController#create as HTML
  Parameters: {"utf8"=>"✓", "authenticity_token"=>"On4SjiA7vIcatMS2L+ShX4/fUdAvI/7nUncLMbX9YxwTl+QNCYg+Fzks+BSRQz+KXvNsWXtWgaFj3KvDFebY+g==", "tip"=>{"tip"=>"Always spiral material for your students throughout the course. ", "user_id"=>"1", "frequency"=>"1", "icon_id"=>"2"}, "commit"=>"Create Tip"}
  [1m[36m (0.1ms)[0m  [1mbegin transaction[0m
  [1m[35mSQL (0.6ms)[0m  INSERT INTO "tips" ("tip", "user_id", "frequency", "icon_id", "created_at", "updated_at") VALUES (?, ?, ?, ?, ?, ?)  [["tip", "Always spiral material for your students throughout the course. "], ["user_id", 1], ["frequency", 1], ["icon_id", 2], ["created_at", "2016-06-02 19:19:21.997766"], ["updated_at", "2016-06-02 19:19:21.997766"]]
  [1m[36m (0.5ms)[0m  [1mcommit transaction[0m
Redirected to http://localhost:3000/tips/1
Completed 302 Found in 7ms (ActiveRecord: 1.2ms)


Started GET "/tips/1" for ::1 at 2016-06-02 13:19:22 -0600
Processing by TipsController#show as HTML
  Parameters: {"id"=>"1"}
  [1m[35mTip Load (0.2ms)[0m  SELECT  "tips".* FROM "tips" WHERE "tips"."id" = ? LIMIT 1  [["id", 1]]
  Rendered tips/show.html.erb within layouts/application (0.8ms)
Completed 200 OK in 21ms (Views: 13.6ms | ActiveRecord: 0.2ms)


Started GET "/tips" for ::1 at 2016-06-02 13:19:25 -0600
Processing by TipsController#index as HTML
  [1m[36mTip Load (0.1ms)[0m  [1mSELECT "tips".* FROM "tips"[0m
  Rendered tips/index.html.erb within layouts/application (1.7ms)
Completed 200 OK in 14ms (Views: 13.3ms | ActiveRecord: 0.1ms)
  [1m[36m (39.8ms)[0m  [1mCREATE TABLE "schema_migrations" ("version" character varying NOT NULL) [0m
  [1m[35m (2.2ms)[0m  CREATE UNIQUE INDEX  "unique_schema_migrations" ON "schema_migrations"  ("version")
  [1m[36mActiveRecord::SchemaMigration Load (0.6ms)[0m  [1mSELECT "schema_migrations".* FROM "schema_migrations"[0m
Migrating to CreateTips (20160602190923)
  [1m[35m (0.2ms)[0m  BEGIN
  [1m[36m (33.3ms)[0m  [1mCREATE TABLE "tips" ("id" serial primary key, "tip" character varying, "user_id" integer, "frequency" integer, "icon_id" integer, "created_at" timestamp NOT NULL, "updated_at" timestamp NOT NULL) [0m
  [1m[35mSQL (12.5ms)[0m  INSERT INTO "schema_migrations" ("version") VALUES ($1)  [["version", "20160602190923"]]
  [1m[36m (6.3ms)[0m  [1mCOMMIT[0m
  [1m[35mActiveRecord::SchemaMigration Load (0.3ms)[0m  SELECT "schema_migrations".* FROM "schema_migrations"
  [1m[36m (2.7ms)[0m  [1mSELECT t2.oid::regclass::text AS to_table, a1.attname AS column, a2.attname AS primary_key, c.conname AS name, c.confupdtype AS on_update, c.confdeltype AS on_delete
FROM pg_constraint c
JOIN pg_class t1 ON c.conrelid = t1.oid
JOIN pg_class t2 ON c.confrelid = t2.oid
JOIN pg_attribute a1 ON a1.attnum = c.conkey[1] AND a1.attrelid = t1.oid
JOIN pg_attribute a2 ON a2.attnum = c.confkey[1] AND a2.attrelid = t2.oid
JOIN pg_namespace t3 ON c.connamespace = t3.oid
WHERE c.contype = 'f'
  AND t1.relname = 'tips'
  AND t3.nspname = ANY (current_schemas(false))
ORDER BY c.conname
[0m


Started GET "/tips" for ::1 at 2016-06-02 13:30:33 -0600
Processing by TipsController#index as HTML
  [1m[35mTip Load (0.8ms)[0m  SELECT "tips".* FROM "tips"
  Rendered tips/index.html.erb within layouts/application (7.9ms)
Completed 200 OK in 32ms (Views: 28.4ms | ActiveRecord: 1.1ms)


Started GET "/assets/tips.self-e3b0c44298fc1c149afbf4c8996fb92427ae41e4649b934ca495991b7852b855.css?body=1" for ::1 at 2016-06-02 13:30:33 -0600


Started GET "/assets/application.self-e80e8f2318043e8af94dddc2adad5a4f09739a8ebb323b3ab31cd71d45fd9113.css?body=1" for ::1 at 2016-06-02 13:30:33 -0600


Started GET "/assets/scaffolds.self-84de21a9d0761e09a00096c935a18b9ad325077c340647cac0f49ce79e40f160.css?body=1" for ::1 at 2016-06-02 13:30:33 -0600


Started GET "/assets/jquery_ujs.self-e87806d0cf4489aeb1bb7288016024e8de67fd18db693fe026fe3907581e53cd.js?body=1" for ::1 at 2016-06-02 13:30:33 -0600


Started GET "/assets/jquery.self-660adc51e0224b731d29f575a6f1ec167ba08ad06ed5deca4f1e8654c135bf4c.js?body=1" for ::1 at 2016-06-02 13:30:33 -0600


Started GET "/assets/turbolinks.self-c37727e9bd6b2735da5c311aa83fead54ed0be6cc8bd9a65309e9c5abe2cbfff.js?body=1" for ::1 at 2016-06-02 13:30:33 -0600


Started GET "/assets/tips.self-877aef30ae1b040ab8a3aba4e3e309a11d7f2612f44dde450b5c157aa5f95c05.js?body=1" for ::1 at 2016-06-02 13:30:33 -0600


Started GET "/assets/application.self-3b8dabdc891efe46b9a144b400ad69e37d7e5876bdc39dee783419a69d7ca819.js?body=1" for ::1 at 2016-06-02 13:30:33 -0600


Started GET "/tips" for ::1 at 2016-06-02 13:30:49 -0600
  [1m[36mActiveRecord::SchemaMigration Load (0.3ms)[0m  [1mSELECT "schema_migrations".* FROM "schema_migrations"[0m
Processing by TipsController#index as HTML
  [1m[35mTip Load (0.8ms)[0m  SELECT "tips".* FROM "tips"
  Rendered tips/index.html.erb within layouts/application (4.9ms)
Completed 200 OK in 298ms (Views: 286.0ms | ActiveRecord: 1.4ms)


Started GET "/assets/tips.self-e3b0c44298fc1c149afbf4c8996fb92427ae41e4649b934ca495991b7852b855.css?body=1" for ::1 at 2016-06-02 13:30:50 -0600


Started GET "/assets/jquery_ujs.self-e87806d0cf4489aeb1bb7288016024e8de67fd18db693fe026fe3907581e53cd.js?body=1" for ::1 at 2016-06-02 13:30:50 -0600


Started GET "/assets/jquery.self-660adc51e0224b731d29f575a6f1ec167ba08ad06ed5deca4f1e8654c135bf4c.js?body=1" for ::1 at 2016-06-02 13:30:50 -0600


Started GET "/assets/application.self-e80e8f2318043e8af94dddc2adad5a4f09739a8ebb323b3ab31cd71d45fd9113.css?body=1" for ::1 at 2016-06-02 13:30:50 -0600


Started GET "/assets/scaffolds.self-84de21a9d0761e09a00096c935a18b9ad325077c340647cac0f49ce79e40f160.css?body=1" for ::1 at 2016-06-02 13:30:50 -0600


Started GET "/assets/turbolinks.self-c37727e9bd6b2735da5c311aa83fead54ed0be6cc8bd9a65309e9c5abe2cbfff.js?body=1" for ::1 at 2016-06-02 13:30:50 -0600


Started GET "/assets/tips.self-877aef30ae1b040ab8a3aba4e3e309a11d7f2612f44dde450b5c157aa5f95c05.js?body=1" for ::1 at 2016-06-02 13:30:50 -0600


Started GET "/assets/application.self-3b8dabdc891efe46b9a144b400ad69e37d7e5876bdc39dee783419a69d7ca819.js?body=1" for ::1 at 2016-06-02 13:30:50 -0600


Started GET "/tips/new" for ::1 at 2016-06-02 13:30:51 -0600
Processing by TipsController#new as HTML
  Rendered tips/_form.html.erb (19.4ms)
  Rendered tips/new.html.erb within layouts/application (23.5ms)
Completed 200 OK in 49ms (Views: 43.9ms | ActiveRecord: 1.4ms)


Started POST "/tips" for ::1 at 2016-06-02 13:30:59 -0600
Processing by TipsController#create as HTML
  Parameters: {"utf8"=>"✓", "authenticity_token"=>"q5f3rhD0jxw3JDtpRhc/QqhPZeQ1Pd3koH0UU8RKj4WCfgEtOUcNjBS8B8v4sKGXeWNYbWFIoqKR1rShZFE0Yw==", "tip"=>{"tip"=>"Always spiral material for your students throughout the course", "user_id"=>"1", "frequency"=>"2", "icon_id"=>"1"}, "commit"=>"Create Tip"}
  [1m[36m (0.2ms)[0m  [1mBEGIN[0m
  [1m[35mSQL (11.1ms)[0m  INSERT INTO "tips" ("tip", "user_id", "frequency", "icon_id", "created_at", "updated_at") VALUES ($1, $2, $3, $4, $5, $6) RETURNING "id"  [["tip", "Always spiral material for your students throughout the course"], ["user_id", 1], ["frequency", 2], ["icon_id", 1], ["created_at", "2016-06-02 19:30:59.305115"], ["updated_at", "2016-06-02 19:30:59.305115"]]
  [1m[36m (0.7ms)[0m  [1mCOMMIT[0m
Redirected to http://localhost:3000/tips/1
Completed 302 Found in 23ms (ActiveRecord: 12.0ms)


Started GET "/tips/1" for ::1 at 2016-06-02 13:30:59 -0600
Processing by TipsController#show as HTML
  Parameters: {"id"=>"1"}
  [1m[35mTip Load (0.2ms)[0m  SELECT  "tips".* FROM "tips" WHERE "tips"."id" = $1 LIMIT 1  [["id", 1]]
  Rendered tips/show.html.erb within layouts/application (0.8ms)
Completed 200 OK in 20ms (Views: 13.6ms | ActiveRecord: 0.2ms)
